<?xml version="1.0" encoding="UTF-8"?>
<!-- Generated by org.testng.reporters.JUnitXMLReporter -->
<testsuite ignored="0" hostname="LTIN458854" failures="0" tests="3" name="Test_Edge" time="57.872" errors="0" timestamp="2024-09-22T08:07:48 IST">
  <testcase classname="testCases.TC_001_Cab_Booking" name="verifyMinimumPrice" time="11.536"/>
  <testcase classname="testCases.TC_002_Gift_Selection" name="verifyGiftErrorMessage" time="9.484"/>
  <testcase classname="testCases.TC_003_Hotel_Booking" name="getAdultsCount" time="3.994"/>
</testsuite> <!-- Test_Edge -->
