<?xml version="1.0" encoding="UTF-8"?>
<!-- Generated by org.testng.reporters.JUnitXMLReporter -->
<testsuite ignored="0" hostname="LTIN458854" failures="0" tests="3" name="Test" time="247.345" errors="0" timestamp="2024-09-18T00:25:51 IST">
  <testcase classname="testCases.TC_001_Cab_Booking" name="verifyMinimumPrice" time="51.056"/>
  <testcase classname="testCases.TC_002_Gift_Selection" name="verifyGiftErrorMessage" time="32.047"/>
  <testcase classname="testCases.TC_003_Hotel_Booking" name="getAdultsCount" time="3.637"/>
</testsuite> <!-- Test -->
