<?xml version="1.0" encoding="UTF-8"?>
<!-- Generated by org.testng.reporters.JUnitXMLReporter -->
<testsuite ignored="0" hostname="LTIN458854" failures="0" tests="3" name="Test_Chrome" time="44.15" errors="0" timestamp="2024-09-23T05:26:55 IST">
  <testcase classname="testCases.TC_003_Hotel_Booking" name="getAdultsCount" time="15.172"/>
  <testcase classname="testCases.TC_002_Gift_Selection" name="verifyGiftErrorMessage" time="15.386"/>
  <testcase classname="testCases.TC_001_Cab_Booking" name="verifyMinimumPrice" time="24.87"/>
</testsuite> <!-- Test_Chrome -->
