<?xml version="1.0" encoding="UTF-8"?>
<!-- Generated by org.testng.reporters.JUnitXMLReporter -->
<testsuite ignored="0" hostname="LTIN458854" failures="0" tests="3" name="Test" time="54.459" errors="0" timestamp="2024-09-21T21:36:37 IST">
  <testcase classname="testCases.TC_001_Cab_Booking" name="verifyMinimumPrice" time="9.463"/>
  <testcase classname="testCases.TC_002_Gift_Selection" name="verifyGiftErrorMessage" time="7.928"/>
  <testcase classname="testCases.TC_003_Hotel_Booking" name="getAdultsCount" time="3.923"/>
</testsuite> <!-- Test -->
