<?xml version="1.0" encoding="UTF-8"?>
<testng-results ignored="0" total="3" passed="3" failed="0" skipped="0">
  <reporter-output>
  </reporter-output>
  <suite started-at="2024-09-21T21:35:43 IST" name="Suite" finished-at="2024-09-21T21:36:37 IST" duration-ms="54459">
    <groups>
    </groups>
    <test started-at="2024-09-21T21:35:43 IST" name="Test" finished-at="2024-09-21T21:36:37 IST" duration-ms="54459">
      <class name="testCases.TC_003_Hotel_Booking">
        <test-method is-config="true" signature="setUp()[pri:0, instance:testCases.TC_003_Hotel_Booking@424fd310]" started-at="2024-09-21T21:36:23 IST" name="setUp" finished-at="2024-09-21T21:36:30 IST" duration-ms="7106" status="PASS">
          <reporter-output>
          </reporter-output>
        </test-method> <!-- setUp -->
        <test-method signature="getAdultsCount()[pri:0, instance:testCases.TC_003_Hotel_Booking@424fd310]" started-at="2024-09-21T21:36:30 IST" name="getAdultsCount" finished-at="2024-09-21T21:36:34 IST" duration-ms="3923" status="PASS">
          <reporter-output>
          </reporter-output>
        </test-method> <!-- getAdultsCount -->
        <test-method is-config="true" signature="tearDown()[pri:0, instance:testCases.TC_003_Hotel_Booking@424fd310]" started-at="2024-09-21T21:36:34 IST" name="tearDown" finished-at="2024-09-21T21:36:37 IST" duration-ms="3143" status="PASS">
          <reporter-output>
          </reporter-output>
        </test-method> <!-- tearDown -->
      </class> <!-- testCases.TC_003_Hotel_Booking -->
      <class name="testCases.TC_002_Gift_Selection">
        <test-method is-config="true" signature="setUp()[pri:0, instance:testCases.TC_002_Gift_Selection@47a5b70d]" started-at="2024-09-21T21:36:06 IST" name="setUp" finished-at="2024-09-21T21:36:13 IST" duration-ms="6903" status="PASS">
          <reporter-output>
          </reporter-output>
        </test-method> <!-- setUp -->
        <test-method signature="verifyGiftErrorMessage(java.lang.String,java.lang.String,java.lang.String,java.lang.String,java.lang.String)[pri:0, instance:testCases.TC_002_Gift_Selection@47a5b70d]" started-at="2024-09-21T21:36:13 IST" name="verifyGiftErrorMessage" data-provider="giftDetails" finished-at="2024-09-21T21:36:21 IST" duration-ms="7928" status="PASS">
          <params>
            <param index="0">
              <value>
                <![CDATA[2000]]>
              </value>
            </param>
            <param index="1">
              <value>
                <![CDATA[Sham]]>
              </value>
            </param>
            <param index="2">
              <value>
                <![CDATA[9900443322]]>
              </value>
            </param>
            <param index="3">
              <value>
                <![CDATA[sssdd]]>
              </value>
            </param>
            <param index="4">
              <value>
                <![CDATA[5]]>
              </value>
            </param>
          </params>
          <reporter-output>
          </reporter-output>
        </test-method> <!-- verifyGiftErrorMessage -->
        <test-method is-config="true" signature="tearDown()[pri:0, instance:testCases.TC_002_Gift_Selection@47a5b70d]" started-at="2024-09-21T21:36:21 IST" name="tearDown" finished-at="2024-09-21T21:36:23 IST" duration-ms="2712" status="PASS">
          <reporter-output>
          </reporter-output>
        </test-method> <!-- tearDown -->
      </class> <!-- testCases.TC_002_Gift_Selection -->
      <class name="testCases.TC_001_Cab_Booking">
        <test-method is-config="true" signature="setUp()[pri:0, instance:testCases.TC_001_Cab_Booking@3f390d63]" started-at="2024-09-21T21:35:43 IST" name="setUp" finished-at="2024-09-21T21:35:51 IST" duration-ms="7924" status="PASS">
          <reporter-output>
          </reporter-output>
        </test-method> <!-- setUp -->
        <test-method signature="verifyMinimumPrice(java.lang.String,java.lang.String,java.lang.String,java.lang.String,java.lang.String,java.lang.String)[pri:0, instance:testCases.TC_001_Cab_Booking@3f390d63]" started-at="2024-09-21T21:35:53 IST" name="verifyMinimumPrice" data-provider="bookingDetails" finished-at="2024-09-21T21:36:02 IST" duration-ms="9463" status="PASS">
          <params>
            <param index="0">
              <value>
                <![CDATA[Delhi]]>
              </value>
            </param>
            <param index="1">
              <value>
                <![CDATA[Manali]]>
              </value>
            </param>
            <param index="2">
              <value>
                <![CDATA[Sun Sep 22 2024]]>
              </value>
            </param>
            <param index="3">
              <value>
                <![CDATA[09  Hr]]>
              </value>
            </param>
            <param index="4">
              <value>
                <![CDATA[10  min]]>
              </value>
            </param>
            <param index="5">
              <value>
                <![CDATA[PM]]>
              </value>
            </param>
          </params>
          <reporter-output>
          </reporter-output>
        </test-method> <!-- verifyMinimumPrice -->
        <test-method is-config="true" signature="tearDown()[pri:0, instance:testCases.TC_001_Cab_Booking@3f390d63]" started-at="2024-09-21T21:36:02 IST" name="tearDown" finished-at="2024-09-21T21:36:06 IST" duration-ms="3231" status="PASS">
          <reporter-output>
          </reporter-output>
        </test-method> <!-- tearDown -->
      </class> <!-- testCases.TC_001_Cab_Booking -->
    </test> <!-- Test -->
  </suite> <!-- Suite -->
</testng-results>
