<?xml version="1.0" encoding="UTF-8"?>
<testsuite xmlns:xsi="http://www.w3.org/2001/XMLSchema-instance" xsi:noNamespaceSchemaLocation="https://maven.apache.org/surefire/maven-surefire-plugin/xsd/surefire-test-report.xsd" version="3.0.2" name="TestSuite" time="56.109" tests="3" errors="0" skipped="0" failures="0">
  <properties>
[...]
</properties>
  <testcase name="verifyMinimumPrice[Delhi, Manali, Sun Sep 22 2024, 09  Hr, 10  min, PM](1)" classname="testCases.TC_001_Cab_Booking" time="9.48">
    <system-out><![CDATA[2024-09-21 21:35:53 INFO  TC_001_Cab_Booking:38 - ***** Test Case 01 Started *****
2024-09-21 21:35:53 INFO  HomePage:77 - ***** Waiting for the 'login' pop up to load  *****
2024-09-21 21:35:53 INFO  HomePage:79 - ***** Login popup appeared successfully  *****
2024-09-21 21:35:54 INFO  HomePage:82 - ***** Closed the login popup  *****
2024-09-21 21:35:54 INFO  HomePage:94 - ***** Switched to Cabs Section  *****
2024-09-21 21:35:54 INFO  HomePage:96 - ***** Waiting for the Cabs section to load  *****
2024-09-21 21:35:55 INFO  HomePage:98 - ***** Cabs Section loaded successfully  *****
2024-09-21 21:35:55 INFO  HomePage:135 - ***** Clicked the hidden 'from' input box  *****
2024-09-21 21:35:56 INFO  HomePage:142 - ***** Clicked the main 'from' input box  *****
2024-09-21 21:35:56 INFO  HomePage:144 - ***** Sent values to the main 'from' input box  *****
2024-09-21 21:35:56 INFO  HomePage:148 - ***** Waiting for the 'from' cities to be recommended  *****
2024-09-21 21:35:56 INFO  HomePage:150 - ***** Clicked the first recommended 'from' city  *****
2024-09-21 21:35:56 INFO  HomePage:159 - ***** Sent values to the main 'to' input box  *****
2024-09-21 21:35:57 INFO  HomePage:163 - ***** Waiting for the 'to' cities to be recommended  *****
2024-09-21 21:35:57 INFO  HomePage:165 - ***** Clicked the first 'to' recommended city  *****
2024-09-21 21:35:57 INFO  HomePage:169 - ***** Clicked the dates section *****
2024-09-21 21:35:57 INFO  HomePage:175 - ***** Clicked the required date *****
2024-09-21 21:35:57 INFO  HomePage:179 - ***** Clicked the pickup time section *****
2024-09-21 21:35:57 INFO  HomePage:188 - ***** Hour value set *****
2024-09-21 21:35:57 INFO  HomePage:193 - ***** Minutes value set *****
2024-09-21 21:35:57 INFO  HomePage:197 - ***** Meredian value set *****
2024-09-21 21:35:57 INFO  HomePage:200 - ***** Clicked the apply button *****
2024-09-21 21:36:00 INFO  HomePage:203 - ***** After entering all the data search button is clicked *****
2024-09-21 21:36:00 INFO  CabsPage:33 - ***** Waiting for the list of cabs page to load  *****
2024-09-21 21:36:01 INFO  CabsPage:35 - ***** List of cabs page loaded successfully  *****
2024-09-21 21:36:01 INFO  CabsPage:39 - ***** Clicked the specific cab type checkbox  *****
2024-09-21 21:36:01 INFO  CabsPage:42 - ***** Waiting for the list of cabs page to load after applying filter *****
2024-09-21 21:36:01 INFO  CabsPage:44 - ***** After applying filter cabs page loaded successfully  *****
2024-09-21 21:36:02 INFO  HomePage:209 - ***** Relocated to home page *****
2024-09-21 21:36:02 INFO  TC_001_Cab_Booking:53 - ***** Test Case 01 Completed Execution *****
]]></system-out>
  </testcase>
  <testcase name="verifyGiftErrorMessage[2000, Sham, 9900443322, sssdd, 5](1)" classname="testCases.TC_002_Gift_Selection" time="7.926">
    <system-out><![CDATA[2024-09-21 21:36:13 INFO  TC_002_Gift_Selection:37 - ***** Test Case 002 started execution  *****
2024-09-21 21:36:13 INFO  GiftPage:55 - ***** Waiting for the home page to load  *****
2024-09-21 21:36:15 INFO  GiftPage:58 - ***** Home Page loaded successfully  *****
2024-09-21 21:36:15 INFO  GiftPage:60 - ***** Clicked Gifts section  *****
2024-09-21 21:36:17 INFO  GiftPage:73 - ***** Switched to new window *****
2024-09-21 21:36:17 INFO  GiftPage:74 - ***** Waiting for the gift page to load *****
2024-09-21 21:36:17 INFO  GiftPage:77 - ***** Gift page loaded successfully  *****
2024-09-21 21:36:17 INFO  GiftPage:79 - ***** Clicked the birthday gift button  *****
2024-09-21 21:36:17 INFO  GiftPage:84 - ***** Waiting for the Birthday gift page to load  *****
2024-09-21 21:36:18 INFO  GiftPage:86 - ***** Birthday gift page loaded successfully  *****
2024-09-21 21:36:18 INFO  GiftPage:89 - ***** Cleared the previous already existed value of the amount input  *****
2024-09-21 21:36:18 INFO  GiftPage:91 - ***** Set value to the amount input *****
2024-09-21 21:36:18 INFO  GiftPage:98 - ***** Clicked quantity increase button 5 times *****
2024-09-21 21:36:18 INFO  GiftPage:100 - ***** Toggled multipe person checkbox  *****
2024-09-21 21:36:20 INFO  GiftPage:108 - ***** Set recipient values in 5 input boxes  *****
2024-09-21 21:36:20 INFO  GiftPage:112 - ***** Set name value  *****
2024-09-21 21:36:20 INFO  GiftPage:115 - ***** Set phone number value  *****
2024-09-21 21:36:20 INFO  GiftPage:118 - ***** Set invalid email id  *****
2024-09-21 21:36:21 INFO  GiftPage:121 - ***** Clicked the buy now button  *****
Please enter a valid Email id.
2024-09-21 21:36:21 INFO  TC_002_Gift_Selection:46 - ***** Test case 002 completed execution  *****
]]></system-out>
  </testcase>
  <testcase name="getAdultsCount" classname="testCases.TC_003_Hotel_Booking" time="3.923">
    <system-out><![CDATA[2024-09-21 21:36:30 INFO  TC_003_Hotel_Booking:34 - ***** Test Case 003 started execution  *****
2024-09-21T16:06:30.920719800Z main WARN The Logger pageObjects.HomePage was created with the message factory org.apache.logging.log4j.message.ReusableMessageFactory@7ba93755 and is now requested with a null message factory (defaults to org.apache.logging.log4j.message.ParameterizedMessageFactory), which may create log events with unexpected formatting.
2024-09-21 21:36:30 INFO  HomePage:77 - ***** Waiting for the 'login' pop up to load  *****
2024-09-21 21:36:32 INFO  HomePage:79 - ***** Login popup appeared successfully  *****
2024-09-21 21:36:33 INFO  HomePage:82 - ***** Closed the login popup  *****
2024-09-21 21:36:33 INFO  HomePage:102 - ***** Waiting for the Home Page to load  *****
2024-09-21 21:36:33 INFO  HomePage:104 - ***** Home Page Loaded Successfully  *****
2024-09-21 21:36:33 INFO  HomePage:106 - ***** Switched to Hotels Section  *****
2024-09-21 21:36:33 INFO  HomePage:111 - ***** Waiting for the hotels section to load  *****
2024-09-21 21:36:34 INFO  HomePage:114 - ***** Hotels section loaded successfully  *****
2024-09-21 21:36:34 INFO  HomePage:116 - ***** Clicked Rooms & Guests Section  *****
2024-09-21 21:36:34 INFO  HomePage:119 - ***** Clicked Adults dropdown  *****
40
2024-09-21 21:36:34 INFO  TC_003_Hotel_Booking:43 - ***** Test Case 003 completed execution  *****
]]></system-out>
  </testcase>
</testsuite>