<?xml version="1.0" encoding="UTF-8"?>
<testng-results ignored="0" total="1" passed="1" failed="0" skipped="0">
  <reporter-output>
  </reporter-output>
  <suite started-at="2024-09-20T06:44:56 IST" name="Default suite" finished-at="2024-09-20T06:46:32 IST" duration-ms="95299">
    <groups>
    </groups>
    <test started-at="2024-09-20T06:44:56 IST" name="Default test" finished-at="2024-09-20T06:46:32 IST" duration-ms="95299">
      <class name="testCases.TC_001_Cab_Booking">
        <test-method is-config="true" signature="setUp()[pri:0, instance:testCases.TC_001_Cab_Booking@3b956878]" started-at="2024-09-20T06:44:56 IST" name="setUp" finished-at="2024-09-20T06:45:43 IST" duration-ms="47168" status="PASS">
          <reporter-output>
          </reporter-output>
        </test-method> <!-- setUp -->
        <test-method signature="verifyMinimumPrice(java.lang.String,java.lang.String,java.lang.String,java.lang.String,java.lang.String,java.lang.String)[pri:0, instance:testCases.TC_001_Cab_Booking@3b956878]" started-at="2024-09-20T06:45:45 IST" name="verifyMinimumPrice" data-provider="bookingDetails" finished-at="2024-09-20T06:46:28 IST" duration-ms="43219" status="PASS">
          <params>
            <param index="0">
              <value>
                <![CDATA[Delhi]]>
              </value>
            </param>
            <param index="1">
              <value>
                <![CDATA[Manali]]>
              </value>
            </param>
            <param index="2">
              <value>
                <![CDATA[Sat Sep 21 2024]]>
              </value>
            </param>
            <param index="3">
              <value>
                <![CDATA[07  Hr]]>
              </value>
            </param>
            <param index="4">
              <value>
                <![CDATA[10  min]]>
              </value>
            </param>
            <param index="5">
              <value>
                <![CDATA[PM]]>
              </value>
            </param>
          </params>
          <reporter-output>
          </reporter-output>
        </test-method> <!-- verifyMinimumPrice -->
        <test-method is-config="true" signature="tearDown()[pri:0, instance:testCases.TC_001_Cab_Booking@3b956878]" started-at="2024-09-20T06:46:28 IST" name="tearDown" finished-at="2024-09-20T06:46:32 IST" duration-ms="3679" status="PASS">
          <reporter-output>
          </reporter-output>
        </test-method> <!-- tearDown -->
      </class> <!-- testCases.TC_001_Cab_Booking -->
    </test> <!-- Default test -->
  </suite> <!-- Default suite -->
</testng-results>
